Copyright 1986-2017 Xilinx, Inc. All Rights Reserved.
------------------------------------------------------------------------------------
| Tool Version : Vivado v.2017.4 (lin64) Build 2086221 Fri Dec 15 20:54:30 MST 2017
| Date         : Mon Mar 29 01:05:38 2021
| Host         : paprika running 64-bit Ubuntu 18.04.5 LTS
| Command      : upgrade_ip
| Device       : xc7z020clg400-1
------------------------------------------------------------------------------------

Upgrade Log for IP 'design_1_JpegEnc_0_0'

1. Summary
----------

SUCCESS in the conversion of design_1_JpegEnc_0_0 (user.org:user:JpegEnc:1.0 (Rev. 6)) to Vivado generation flows.






Copyright 1986-2017 Xilinx, Inc. All Rights Reserved.
------------------------------------------------------------------------------------
| Tool Version : Vivado v.2017.4 (lin64) Build 2086221 Fri Dec 15 20:54:30 MST 2017
| Date         : Sat Mar 27 12:08:54 2021
| Host         : paprika running 64-bit Ubuntu 18.04.5 LTS
| Command      : upgrade_ip
| Device       : xc7z020clg400-1
------------------------------------------------------------------------------------

Upgrade Log for IP 'design_1_JpegEnc_0_0'

1. Summary
----------

SUCCESS in the conversion of design_1_JpegEnc_0_0 (user.org:user:JpegEnc:1.0 (Rev. 6)) to Vivado generation flows.






Copyright 1986-2017 Xilinx, Inc. All Rights Reserved.
------------------------------------------------------------------------------------
| Tool Version : Vivado v.2017.4 (lin64) Build 2086221 Fri Dec 15 20:54:30 MST 2017
| Date         : Sat Mar 27 12:07:43 2021
| Host         : paprika running 64-bit Ubuntu 18.04.5 LTS
| Command      : upgrade_ip
| Device       : xc7z020clg400-1
------------------------------------------------------------------------------------

Upgrade Log for IP 'design_1_JpegEnc_0_0'

1. Summary
----------

SUCCESS in the upgrade of design_1_JpegEnc_0_0 (user.org:user:JpegEnc:1.0) from (Rev. 5) to (Rev. 6)






Copyright 1986-2017 Xilinx, Inc. All Rights Reserved.
------------------------------------------------------------------------------------
| Tool Version : Vivado v.2017.4 (lin64) Build 2086221 Fri Dec 15 20:54:30 MST 2017
| Date         : Sat Mar 27 12:07:11 2021
| Host         : paprika running 64-bit Ubuntu 18.04.5 LTS
| Command      : upgrade_ip
| Device       : xc7z020clg400-1
------------------------------------------------------------------------------------

Upgrade Log for IP 'design_1_JpegEnc_0_0'

1. Summary
----------

SUCCESS in the upgrade of design_1_JpegEnc_0_0 (user.org:user:JpegEnc:1.0) from (Rev. 3) to (Rev. 5)






Copyright 1986-2017 Xilinx, Inc. All Rights Reserved.
------------------------------------------------------------------------------------
| Tool Version : Vivado v.2017.4 (lin64) Build 2086221 Fri Dec 15 20:54:30 MST 2017
| Date         : Sat Mar 27 12:06:02 2021
| Host         : paprika running 64-bit Ubuntu 18.04.5 LTS
| Command      : upgrade_ip
| Device       : xc7z020clg400-1
------------------------------------------------------------------------------------

Upgrade Log for IP 'design_1_JpegEnc_0_0'

1. Summary
----------

SUCCESS in the conversion of design_1_JpegEnc_0_0 (user.org:user:JpegEnc:1.0 (Rev. 3)) to Vivado generation flows.






Copyright 1986-2017 Xilinx, Inc. All Rights Reserved.
------------------------------------------------------------------------------------
| Tool Version : Vivado v.2017.4 (lin64) Build 2086221 Fri Dec 15 20:54:30 MST 2017
| Date         : Sat Mar 27 11:53:14 2021
| Host         : paprika running 64-bit Ubuntu 18.04.5 LTS
| Command      : upgrade_ip
| Device       : xc7z020clg400-1
------------------------------------------------------------------------------------

Upgrade Log for IP 'design_1_apb2opb_0_0'

1. Summary
----------

CAUTION (success, with warnings) in the upgrade of design_1_apb2opb_0_0 (user.org:user:apb2opb:1.0) from (Rev. 2) to (Rev. 3)

2. Interface Information
------------------------

Detected external interface differences while upgrading 'design_1_apb2opb_0_0'.


-Upgrade has added interface 'tt' (xilinx.com:interface:apb:1.0)







Copyright 1986-2017 Xilinx, Inc. All Rights Reserved.
------------------------------------------------------------------------------------
| Tool Version : Vivado v.2017.4 (lin64) Build 2086221 Fri Dec 15 20:54:30 MST 2017
| Date         : Fri Mar 26 17:40:57 2021
| Host         : paprika running 64-bit Ubuntu 18.04.5 LTS
| Command      : upgrade_ip
| Device       : xc7z020clg400-1
------------------------------------------------------------------------------------

Upgrade Log for IP 'design_1_JpegEnc_0_0'

1. Summary
----------

CAUTION (success, with warnings) in the upgrade of design_1_JpegEnc_0_0 (user.org:user:JpegEnc:1.0) from (Rev. 2) to (Rev. 3)

2. Interface Information
------------------------

Detected external interface differences while upgrading 'design_1_JpegEnc_0_0'.


-Upgrade has added interface 'ADDR' (xilinx.com:interface:apb:1.0)

-Upgrade has added interface 'r' (xilinx.com:signal:reset:1.0)


