Copyright 1986-2017 Xilinx, Inc. All Rights Reserved.
----------------------------------------------------------------------------------------------------------------------------------------------------------------------
| Tool Version     : Vivado v.2017.4 (lin64) Build 2086221 Fri Dec 15 20:54:30 MST 2017
| Date             : Mon Mar 29 18:42:28 2021
| Host             : paprika running 64-bit Ubuntu 18.04.5 LTS
| Command          : report_power -file design_1_wrapper_power_routed.rpt -pb design_1_wrapper_power_summary_routed.pb -rpx design_1_wrapper_power_routed.rpx
| Design           : design_1_wrapper
| Device           : xc7z020clg400-1
| Design State     : routed
| Grade            : commercial
| Process          : typical
| Characterization : Production
----------------------------------------------------------------------------------------------------------------------------------------------------------------------

Power Report

Table of Contents
-----------------
1. Summary
1.1 On-Chip Components
1.2 Power Supply Summary
1.3 Confidence Level
2. Settings
2.1 Environment
2.2 Clock Constraints
3. Detailed Reports
3.1 By Hierarchy

1. Summary
----------

+--------------------------+--------------+
| Total On-Chip Power (W)  | 1.577        |
| Design Power Budget (W)  | Unspecified* |
| Power Budget Margin (W)  | NA           |
| Dynamic (W)              | 1.438        |
| Device Static (W)        | 0.140        |
| Effective TJA (C/W)      | 11.5         |
| Max Ambient (C)          | 66.8         |
| Junction Temperature (C) | 43.2         |
| Confidence Level         | Medium       |
| Setting File             | ---          |
| Simulation Activity File | ---          |
| Design Nets Matched      | NA           |
+--------------------------+--------------+
* Specify Design Power Budget using, set_operating_conditions -design_power_budget <value in Watts>


1.1 On-Chip Components
----------------------

+--------------------------+-----------+----------+-----------+-----------------+
| On-Chip                  | Power (W) | Used     | Available | Utilization (%) |
+--------------------------+-----------+----------+-----------+-----------------+
| Clocks                   |     0.010 |        3 |       --- |             --- |
| Slice Logic              |     0.009 |    13802 |       --- |             --- |
|   LUT as Logic           |     0.007 |     5951 |     53200 |           11.19 |
|   Register               |    <0.001 |     5132 |    106400 |            4.82 |
|   CARRY4                 |    <0.001 |      580 |     13300 |            4.36 |
|   LUT as Shift Register  |    <0.001 |      109 |     17400 |            0.63 |
|   LUT as Distributed RAM |    <0.001 |      108 |     17400 |            0.62 |
|   F7/F8 Muxes            |    <0.001 |       52 |     53200 |            0.10 |
|   Others                 |     0.000 |      468 |       --- |             --- |
| Signals                  |     0.009 |    10337 |       --- |             --- |
| Block RAM                |     0.009 |     14.5 |       140 |           10.36 |
| DSPs                     |     0.002 |       10 |       220 |            4.55 |
| PS7                      |     1.399 |        1 |       --- |             --- |
| Static Power             |     0.140 |          |           |                 |
| Total                    |     1.577 |          |           |                 |
+--------------------------+-----------+----------+-----------+-----------------+


1.2 Power Supply Summary
------------------------

+-----------+-------------+-----------+-------------+------------+
| Source    | Voltage (V) | Total (A) | Dynamic (A) | Static (A) |
+-----------+-------------+-----------+-------------+------------+
| Vccint    |       1.000 |     0.053 |       0.038 |      0.015 |
| Vccaux    |       1.800 |     0.015 |       0.000 |      0.015 |
| Vcco33    |       3.300 |     0.000 |       0.000 |      0.000 |
| Vcco25    |       2.500 |     0.000 |       0.000 |      0.000 |
| Vcco18    |       1.800 |     0.000 |       0.000 |      0.000 |
| Vcco15    |       1.500 |     0.000 |       0.000 |      0.000 |
| Vcco135   |       1.350 |     0.000 |       0.000 |      0.000 |
| Vcco12    |       1.200 |     0.000 |       0.000 |      0.000 |
| Vccaux_io |       1.800 |     0.000 |       0.000 |      0.000 |
| Vccbram   |       1.000 |     0.002 |       0.001 |      0.002 |
| MGTAVcc   |       1.000 |     0.000 |       0.000 |      0.000 |
| MGTAVtt   |       1.200 |     0.000 |       0.000 |      0.000 |
| MGTVccaux |       1.800 |     0.000 |       0.000 |      0.000 |
| Vccpint   |       1.000 |     0.746 |       0.717 |      0.029 |
| Vccpaux   |       1.800 |     0.061 |       0.051 |      0.010 |
| Vccpll    |       1.800 |     0.017 |       0.014 |      0.003 |
| Vcco_ddr  |       1.350 |     0.413 |       0.411 |      0.002 |
| Vcco_mio0 |       3.300 |     0.003 |       0.002 |      0.001 |
| Vcco_mio1 |       1.800 |     0.003 |       0.002 |      0.001 |
| Vccadc    |       1.800 |     0.020 |       0.000 |      0.020 |
+-----------+-------------+-----------+-------------+------------+


1.3 Confidence Level
--------------------

+-----------------------------+------------+------------------------------------------------+------------------------------------------------------------------------------------------------------------+
| User Input Data             | Confidence | Details                                        | Action                                                                                                     |
+-----------------------------+------------+------------------------------------------------+------------------------------------------------------------------------------------------------------------+
| Design implementation state | High       | Design is routed                               |                                                                                                            |
| Clock nodes activity        | High       | User specified more than 95% of clocks         |                                                                                                            |
| I/O nodes activity          | High       | User specified more than 95% of inputs         |                                                                                                            |
| Internal nodes activity     | Medium     | User specified less than 25% of internal nodes | Provide missing internal nodes activity with simulation results or by editing the "By Resource Type" views |
| Device models               | High       | Device models are Production                   |                                                                                                            |
|                             |            |                                                |                                                                                                            |
| Overall confidence level    | Medium     |                                                |                                                                                                            |
+-----------------------------+------------+------------------------------------------------+------------------------------------------------------------------------------------------------------------+


2. Settings
-----------

2.1 Environment
---------------

+-----------------------+------------------------+
| Ambient Temp (C)      | 25.0                   |
| ThetaJA (C/W)         | 11.5                   |
| Airflow (LFM)         | 250                    |
| Heat Sink             | none                   |
| ThetaSA (C/W)         | 0.0                    |
| Board Selection       | medium (10"x10")       |
| # of Board Layers     | 8to11 (8 to 11 Layers) |
| Board Temperature (C) | 25.0                   |
+-----------------------+------------------------+


2.2 Clock Constraints
---------------------

+------------+-------------------------------------------------------------+-----------------+
| Clock      | Domain                                                      | Constraint (ns) |
+------------+-------------------------------------------------------------+-----------------+
| clk_fpga_0 | design_1_i/processing_system7_0/inst/FCLK_CLK_unbuffered[0] |            20.0 |
+------------+-------------------------------------------------------------+-----------------+


3. Detailed Reports
-------------------

3.1 By Hierarchy
----------------

+--------------------------------------------------------------------------------------+-----------+
| Name                                                                                 | Power (W) |
+--------------------------------------------------------------------------------------+-----------+
| design_1_wrapper                                                                     |     1.438 |
|   design_1_i                                                                         |     1.438 |
|     JpegEnc_0                                                                        |     0.034 |
|       U0                                                                             |     0.032 |
|         U_BUF_FIFO                                                                   |     0.006 |
|           MULTIPLIER                                                                 |    <0.001 |
|           U_SUB_RAMZ                                                                 |     0.004 |
|           U_SUB_RAMZ_RD_ADRESS_LUT                                                   |    <0.001 |
|           U_SUB_RAMZ_WR_ADRESS_LUT                                                   |    <0.001 |
|         U_ByteStuffer                                                                |    <0.001 |
|         U_CtrlSM                                                                     |    <0.001 |
|           G_S_CTRL_SM[1].U_S_CTRL_SM                                                 |    <0.001 |
|           G_S_CTRL_SM[2].U_S_CTRL_SM                                                 |    <0.001 |
|           G_S_CTRL_SM[3].U_S_CTRL_SM                                                 |    <0.001 |
|           G_S_CTRL_SM[4].U_S_CTRL_SM                                                 |    <0.001 |
|           G_S_CTRL_SM[5].U_S_CTRL_SM                                                 |    <0.001 |
|           G_S_CTRL_SM[6].U_S_CTRL_SM                                                 |    <0.001 |
|         U_FDCT                                                                       |     0.017 |
|           U_FIFO1                                                                    |    <0.001 |
|             U_RAMF                                                                   |    <0.001 |
|           U_FRAM1                                                                    |    <0.001 |
|           U_MDCT                                                                     |     0.014 |
|             G_ROM_ST1[0].U1_ROME                                                     |    <0.001 |
|             G_ROM_ST1[0].U1_ROMO                                                     |    <0.001 |
|             G_ROM_ST1[1].U1_ROME                                                     |    <0.001 |
|             G_ROM_ST1[1].U1_ROMO                                                     |    <0.001 |
|             G_ROM_ST1[2].U1_ROME                                                     |    <0.001 |
|             G_ROM_ST1[2].U1_ROMO                                                     |    <0.001 |
|             G_ROM_ST1[3].U1_ROME                                                     |    <0.001 |
|             G_ROM_ST1[3].U1_ROMO                                                     |    <0.001 |
|             G_ROM_ST1[4].U1_ROME                                                     |    <0.001 |
|             G_ROM_ST1[4].U1_ROMO                                                     |    <0.001 |
|             G_ROM_ST1[5].U1_ROME                                                     |    <0.001 |
|             G_ROM_ST1[5].U1_ROMO                                                     |    <0.001 |
|             G_ROM_ST1[6].U1_ROME                                                     |    <0.001 |
|             G_ROM_ST1[6].U1_ROMO                                                     |    <0.001 |
|             G_ROM_ST1[7].U1_ROME                                                     |    <0.001 |
|             G_ROM_ST1[7].U1_ROMO                                                     |    <0.001 |
|             G_ROM_ST1[8].U1_ROME                                                     |    <0.001 |
|             G_ROM_ST1[8].U1_ROMO                                                     |    <0.001 |
|             G_ROM_ST2[0].U2_ROME                                                     |    <0.001 |
|             G_ROM_ST2[0].U2_ROMO                                                     |    <0.001 |
|             G_ROM_ST2[10].U2_ROME                                                    |    <0.001 |
|             G_ROM_ST2[10].U2_ROMO                                                    |    <0.001 |
|             G_ROM_ST2[1].U2_ROME                                                     |    <0.001 |
|             G_ROM_ST2[1].U2_ROMO                                                     |    <0.001 |
|             G_ROM_ST2[2].U2_ROME                                                     |    <0.001 |
|             G_ROM_ST2[2].U2_ROMO                                                     |    <0.001 |
|             G_ROM_ST2[3].U2_ROME                                                     |    <0.001 |
|             G_ROM_ST2[3].U2_ROMO                                                     |    <0.001 |
|             G_ROM_ST2[4].U2_ROME                                                     |    <0.001 |
|             G_ROM_ST2[4].U2_ROMO                                                     |    <0.001 |
|             G_ROM_ST2[5].U2_ROME                                                     |    <0.001 |
|             G_ROM_ST2[5].U2_ROMO                                                     |    <0.001 |
|             G_ROM_ST2[6].U2_ROME                                                     |    <0.001 |
|             G_ROM_ST2[6].U2_ROMO                                                     |    <0.001 |
|             G_ROM_ST2[7].U2_ROME                                                     |    <0.001 |
|             G_ROM_ST2[7].U2_ROMO                                                     |    <0.001 |
|             G_ROM_ST2[8].U2_ROME                                                     |    <0.001 |
|             G_ROM_ST2[8].U2_ROMO                                                     |    <0.001 |
|             G_ROM_ST2[9].U2_ROME                                                     |    <0.001 |
|             G_ROM_ST2[9].U2_ROMO                                                     |    <0.001 |
|             U1_RAM                                                                   |    <0.001 |
|               mem_reg_0_63_0_2                                                       |    <0.001 |
|               mem_reg_0_63_3_5                                                       |    <0.001 |
|               mem_reg_0_63_6_8                                                       |    <0.001 |
|               mem_reg_0_63_9_9                                                       |    <0.001 |
|             U2_RAM                                                                   |    <0.001 |
|               mem_reg_0_63_0_2                                                       |    <0.001 |
|               mem_reg_0_63_3_5                                                       |    <0.001 |
|               mem_reg_0_63_6_8                                                       |    <0.001 |
|               mem_reg_0_63_9_9                                                       |    <0.001 |
|             U_DBUFCTL                                                                |    <0.001 |
|             U_DCT1D                                                                  |     0.004 |
|               U_FinitePrecRndNrst                                                    |    <0.001 |
|             U_DCT2D                                                                  |     0.006 |
|               U_FinitePrecRndNrst                                                    |    <0.001 |
|           U_RAMZ                                                                     |    <0.001 |
|         U_HostIF                                                                     |    <0.001 |
|         U_Huffman                                                                    |     0.004 |
|           U_AC_CR_ROM                                                                |    <0.001 |
|           U_AC_ROM                                                                   |    <0.001 |
|           U_DC_CR_ROM                                                                |    <0.001 |
|           U_DC_ROM                                                                   |    <0.001 |
|           U_DoubleFifo                                                               |    <0.001 |
|             U_FIFO_1                                                                 |    <0.001 |
|             U_FIFO_2                                                                 |    <0.001 |
|         U_JFIFGen                                                                    |    <0.001 |
|         U_QUANT_TOP                                                                  |     0.002 |
|           U_RAMZ                                                                     |    <0.001 |
|           U_quantizer                                                                |     0.001 |
|             U_RAMQ                                                                   |    <0.001 |
|             r_divider                                                                |    <0.001 |
|               U_ROMR                                                                 |    <0.001 |
|         U_RLE_TOP                                                                    |    <0.001 |
|           U_RleDoubleFifo                                                            |    <0.001 |
|             U_FIFO_1                                                                 |    <0.001 |
|             U_FIFO_2                                                                 |    <0.001 |
|           U_rle                                                                      |    <0.001 |
|         U_ZZ_TOP                                                                     |    <0.001 |
|           U_RAMZ                                                                     |    <0.001 |
|           U_zigzag                                                                   |    <0.001 |
|             U_FIFO                                                                   |    <0.001 |
|               U_RAMF                                                                 |    <0.001 |
|                 mem_reg_0_63_0_2                                                     |    <0.001 |
|                 mem_reg_0_63_3_5                                                     |    <0.001 |
|                 mem_reg_0_63_6_8                                                     |    <0.001 |
|                 mem_reg_0_63_9_11                                                    |    <0.001 |
|     apb2opb_0                                                                        |    <0.001 |
|     axi_apb_bridge_0                                                                 |    <0.001 |
|       U0                                                                             |    <0.001 |
|         APB_MASTER_IF_MODULE                                                         |    <0.001 |
|         AXILITE_SLAVE_IF_MODULE                                                      |    <0.001 |
|         MULTIPLEXOR_MODULE                                                           |    <0.001 |
|     axi_fifo_mm_s_0                                                                  |     0.002 |
|       U0                                                                             |     0.002 |
|         COMP_IPIC2AXI_S                                                              |     0.001 |
|           grxd.COMP_RX_FIFO                                                          |    <0.001 |
|             gfifo_gen.COMP_AXIS_FG_FIFO                                              |    <0.001 |
|               COMP_FIFO                                                              |    <0.001 |
|                 inst_fifo_gen                                                        |    <0.001 |
|                   gaxis_fifo.gaxisf.axisf                                            |    <0.001 |
|                     grf.rf                                                           |    <0.001 |
|                       gntv_or_sync_fifo.gl0.rd                                       |    <0.001 |
|                         gr1.gdcf.dc                                                  |    <0.001 |
|                           dc                                                         |    <0.001 |
|                         gr1.gr1_int.rfwft                                            |    <0.001 |
|                         grss.gpe.rdpe                                                |    <0.001 |
|                         grss.rsts                                                    |    <0.001 |
|                           c1                                                         |     0.000 |
|                           c2                                                         |    <0.001 |
|                         rpntr                                                        |    <0.001 |
|                       gntv_or_sync_fifo.gl0.wr                                       |    <0.001 |
|                         gwss.gpf.wrpf                                                |    <0.001 |
|                         gwss.wsts                                                    |    <0.001 |
|                           c0                                                         |    <0.001 |
|                           c1                                                         |     0.000 |
|                         wpntr                                                        |    <0.001 |
|                       gntv_or_sync_fifo.mem                                          |    <0.001 |
|                         gbm.gbmg.gbmga.ngecc.bmg                                     |    <0.001 |
|                           inst_blk_mem_gen                                           |    <0.001 |
|                             gnbram.gnativebmg.native_blk_mem_gen                     |    <0.001 |
|                               valid.cstr                                             |    <0.001 |
|                                 ramloop[0].ram.r                                     |    <0.001 |
|                                   prim_noinit.ram                                    |    <0.001 |
|                       rstblk                                                         |    <0.001 |
|                         ngwrdrst.grst.g7serrst.gsckt_wrst.xpm_cdc_sync_rst_inst_wrst |    <0.001 |
|           grxd.COMP_rx_len_fifo                                                      |    <0.001 |
|             legacy_fifo_instance.FAMILY_SUPPORTED.I_SYNC_FIFO_BRAM                   |    <0.001 |
|               inst_fifo_gen                                                          |    <0.001 |
|                 gconvfifo.rf                                                         |    <0.001 |
|                   grf.rf                                                             |    <0.001 |
|                     gntv_or_sync_fifo.gl0.rd                                         |    <0.001 |
|                       gr1.gr1_int.rfwft                                              |    <0.001 |
|                       grss.rsts                                                      |    <0.001 |
|                       rpntr                                                          |    <0.001 |
|                     gntv_or_sync_fifo.gl0.wr                                         |    <0.001 |
|                       gwss.wsts                                                      |    <0.001 |
|                       wpntr                                                          |    <0.001 |
|                     gntv_or_sync_fifo.mem                                            |    <0.001 |
|                       gdm.dm_gen.dm                                                  |    <0.001 |
|                         RAM_reg_0_63_0_2                                             |    <0.001 |
|                         RAM_reg_0_63_12_14                                           |    <0.001 |
|                         RAM_reg_0_63_15_17                                           |    <0.001 |
|                         RAM_reg_0_63_18_20                                           |    <0.001 |
|                         RAM_reg_0_63_21_21                                           |    <0.001 |
|                         RAM_reg_0_63_3_5                                             |    <0.001 |
|                         RAM_reg_0_63_6_8                                             |    <0.001 |
|                         RAM_reg_0_63_9_11                                            |    <0.001 |
|                         RAM_reg_64_127_0_2                                           |    <0.001 |
|                         RAM_reg_64_127_12_14                                         |    <0.001 |
|                         RAM_reg_64_127_15_17                                         |    <0.001 |
|                         RAM_reg_64_127_18_20                                         |    <0.001 |
|                         RAM_reg_64_127_21_21                                         |    <0.001 |
|                         RAM_reg_64_127_3_5                                           |    <0.001 |
|                         RAM_reg_64_127_6_8                                           |    <0.001 |
|                         RAM_reg_64_127_9_11                                          |    <0.001 |
|           gtxd.COMP_TXD_FIFO                                                         |    <0.001 |
|             gfifo_gen.COMP_AXIS_FG_FIFO                                              |    <0.001 |
|               COMP_FIFO                                                              |    <0.001 |
|                 inst_fifo_gen                                                        |    <0.001 |
|                   gaxis_fifo.gaxisf.axisf                                            |    <0.001 |
|                     grf.rf                                                           |    <0.001 |
|                       gntv_or_sync_fifo.gl0.rd                                       |    <0.001 |
|                         gr1.gr1_int.rfwft                                            |    <0.001 |
|                         grss.gpe.rdpe                                                |    <0.001 |
|                         grss.rsts                                                    |    <0.001 |
|                           c1                                                         |     0.000 |
|                           c2                                                         |    <0.001 |
|                         rpntr                                                        |    <0.001 |
|                       gntv_or_sync_fifo.gl0.wr                                       |    <0.001 |
|                         gwss.gpf.wrpf                                                |    <0.001 |
|                         gwss.wsts                                                    |    <0.001 |
|                           c0                                                         |     0.000 |
|                           c1                                                         |    <0.001 |
|                           gaf.c2                                                     |    <0.001 |
|                         wpntr                                                        |    <0.001 |
|                       gntv_or_sync_fifo.mem                                          |    <0.001 |
|                         gbm.gbmg.gbmga.ngecc.bmg                                     |    <0.001 |
|                           inst_blk_mem_gen                                           |    <0.001 |
|                             gnbram.gnativebmg.native_blk_mem_gen                     |    <0.001 |
|                               valid.cstr                                             |    <0.001 |
|                                 ramloop[0].ram.r                                     |    <0.001 |
|                                   prim_noinit.ram                                    |    <0.001 |
|                       rstblk                                                         |    <0.001 |
|                         ngwrdrst.grst.g7serrst.gsckt_wrst.xpm_cdc_sync_rst_inst_wrst |    <0.001 |
|         COMP_IPIF                                                                    |    <0.001 |
|           I_SLAVE_ATTACHMENT                                                         |    <0.001 |
|             I_DECODER                                                                |    <0.001 |
|               MEM_DECODE_GEN[0].PER_CE_GEN[0].MULTIPLE_CES_THIS_CS_GEN.CE_I          |    <0.001 |
|               MEM_DECODE_GEN[0].PER_CE_GEN[10].MULTIPLE_CES_THIS_CS_GEN.CE_I         |    <0.001 |
|               MEM_DECODE_GEN[0].PER_CE_GEN[11].MULTIPLE_CES_THIS_CS_GEN.CE_I         |    <0.001 |
|               MEM_DECODE_GEN[0].PER_CE_GEN[12].MULTIPLE_CES_THIS_CS_GEN.CE_I         |    <0.001 |
|               MEM_DECODE_GEN[0].PER_CE_GEN[1].MULTIPLE_CES_THIS_CS_GEN.CE_I          |    <0.001 |
|               MEM_DECODE_GEN[0].PER_CE_GEN[2].MULTIPLE_CES_THIS_CS_GEN.CE_I          |    <0.001 |
|               MEM_DECODE_GEN[0].PER_CE_GEN[4].MULTIPLE_CES_THIS_CS_GEN.CE_I          |    <0.001 |
|               MEM_DECODE_GEN[0].PER_CE_GEN[5].MULTIPLE_CES_THIS_CS_GEN.CE_I          |    <0.001 |
|               MEM_DECODE_GEN[0].PER_CE_GEN[6].MULTIPLE_CES_THIS_CS_GEN.CE_I          |    <0.001 |
|               MEM_DECODE_GEN[0].PER_CE_GEN[7].MULTIPLE_CES_THIS_CS_GEN.CE_I          |    <0.001 |
|               MEM_DECODE_GEN[0].PER_CE_GEN[8].MULTIPLE_CES_THIS_CS_GEN.CE_I          |    <0.001 |
|               MEM_DECODE_GEN[0].PER_CE_GEN[9].MULTIPLE_CES_THIS_CS_GEN.CE_I          |    <0.001 |
|     axi_interconnect_0                                                               |     0.003 |
|       s00_couplers                                                                   |     0.002 |
|         auto_pc                                                                      |     0.002 |
|           inst                                                                       |     0.002 |
|             gen_axilite.gen_b2s_conv.axilite_b2s                                     |     0.002 |
|               RD.ar_channel_0                                                        |    <0.001 |
|                 ar_cmd_fsm_0                                                         |    <0.001 |
|                 cmd_translator_0                                                     |    <0.001 |
|                   incr_cmd_0                                                         |    <0.001 |
|                   wrap_cmd_0                                                         |    <0.001 |
|               RD.r_channel_0                                                         |    <0.001 |
|                 rd_data_fifo_0                                                       |    <0.001 |
|                 transaction_fifo_0                                                   |    <0.001 |
|               SI_REG                                                                 |    <0.001 |
|                 ar.ar_pipe                                                           |    <0.001 |
|                 aw.aw_pipe                                                           |    <0.001 |
|                 b.b_pipe                                                             |    <0.001 |
|                 r.r_pipe                                                             |    <0.001 |
|               WR.aw_channel_0                                                        |    <0.001 |
|                 aw_cmd_fsm_0                                                         |    <0.001 |
|                 cmd_translator_0                                                     |    <0.001 |
|                   incr_cmd_0                                                         |    <0.001 |
|                   wrap_cmd_0                                                         |    <0.001 |
|               WR.b_channel_0                                                         |    <0.001 |
|                 bid_fifo_0                                                           |    <0.001 |
|                 bresp_fifo_0                                                         |    <0.001 |
|       xbar                                                                           |    <0.001 |
|         inst                                                                         |    <0.001 |
|           gen_sasd.crossbar_sasd_0                                                   |    <0.001 |
|             addr_arbiter_inst                                                        |    <0.001 |
|             gen_decerr.decerr_slave_inst                                             |    <0.001 |
|             reg_slice_r                                                              |    <0.001 |
|             splitter_ar                                                              |    <0.001 |
|             splitter_aw                                                              |    <0.001 |
|     processing_system7_0                                                             |     1.399 |
|       inst                                                                           |     1.399 |
|     rst_ps7_0_50M                                                                    |    <0.001 |
|       U0                                                                             |    <0.001 |
|         EXT_LPF                                                                      |    <0.001 |
|           ACTIVE_LOW_AUX.ACT_LO_AUX                                                  |    <0.001 |
|           ACTIVE_LOW_EXT.ACT_LO_EXT                                                  |    <0.001 |
|         SEQ                                                                          |    <0.001 |
|           SEQ_COUNTER                                                                |    <0.001 |
|     xlslice_0                                                                        |     0.000 |
+--------------------------------------------------------------------------------------+-----------+


